SF:lib/src/services/log_collector.dart
DA:12,1
DA:13,1
DA:17,4
DA:18,3
DA:21,3
DA:22,2
DA:26,1
DA:30,1
DA:31,2
DA:35,1
DA:36,2
DA:40,1
DA:41,2
DA:45,3
DA:47,1
DA:48,1
DA:49,1
DA:50,3
DA:51,1
DA:52,4
DA:53,1
DA:54,2
DA:55,1
DA:56,2
DA:58,1
DA:59,3
DA:62,1
DA:63,1
DA:64,3
DA:65,2
DA:66,1
DA:67,2
DA:72,1
DA:75,1
DA:76,4
DA:77,3
DA:78,3
DA:79,3
LF:38
LH:38
end_of_record
SF:lib/src/binding/flan_configuration.dart
DA:8,3
DA:62,2
DA:63,2
DA:64,4
DA:68,2
DA:69,2
DA:71,2
DA:72,2
DA:79,4
DA:80,4
DA:81,4
DA:86,2
DA:87,2
DA:88,2
DA:89,2
DA:90,2
DA:91,2
DA:92,2
DA:93,2
DA:94,2
DA:95,2
DA:96,2
DA:97,2
DA:98,2
DA:99,2
DA:100,2
DA:101,2
DA:102,2
DA:103,2
DA:104,2
DA:105,2
DA:106,2
DA:107,2
DA:110,2
DA:111,4
DA:112,4
DA:115,4
DA:116,4
DA:117,4
DA:119,3
DA:120,4
DA:122,3
DA:123,2
DA:125,3
DA:126,3
DA:128,3
DA:129,2
LF:47
LH:47
end_of_record
SF:lib/src/services/widget_matcher.dart
DA:6,2
DA:14,1
DA:16,2
DA:17,1
DA:18,1
DA:19,1
DA:20,1
DA:21,1
DA:22,1
DA:23,1
DA:25,1
DA:39,2
DA:41,1
DA:42,1
DA:43,2
DA:44,2
DA:51,8
DA:53,1
DA:60,1
DA:62,3
DA:68,1
DA:70,1
DA:71,2
DA:76,5
DA:78,5
DA:79,5
DA:80,15
DA:85,3
DA:87,6
DA:93,1
DA:95,1
DA:96,2
DA:101,2
DA:103,2
DA:104,4
DA:107,1
DA:109,2
DA:115,1
DA:119,3
DA:121,9
DA:124,1
DA:126,1
DA:132,1
DA:134,1
DA:135,2
DA:140,1
DA:142,4
DA:145,1
DA:147,2
LF:49
LH:49
end_of_record
SF:lib/src/services/gesture_dispatcher.dart
DA:18,1
DA:24,1
DA:25,2
DA:29,1
DA:32,3
DA:34,1
DA:38,1
DA:39,1
DA:41,1
DA:42,0
DA:45,1
DA:46,0
DA:50,2
DA:51,1
DA:53,1
DA:56,1
DA:57,2
DA:60,1
DA:62,1
DA:63,1
DA:64,1
DA:67,2
DA:70,1
DA:74,1
DA:75,2
DA:77,1
DA:78,1
DA:80,4
DA:82,1
DA:83,2
DA:84,1
DA:85,1
DA:87,4
DA:88,1
DA:90,2
DA:91,1
DA:99,1
DA:100,1
DA:101,1
DA:102,1
DA:104,1
DA:105,2
DA:108,1
DA:115,1
DA:118,2
DA:119,3
DA:120,2
DA:121,1
LF:48
LH:46
end_of_record
SF:lib/src/services/widget_finder.dart
DA:13,4
DA:17,4
DA:19,8
DA:28,4
DA:39,4
DA:42,8
DA:45,4
DA:49,4
LF:8
LH:8
end_of_record
SF:lib/src/services/github_issue_service.dart
DA:9,0
DA:15,2
DA:19,1
DA:28,1
DA:35,1
DA:38,1
DA:39,1
DA:44,0
DA:45,0
DA:46,0
DA:47,0
DA:48,0
DA:52,0
DA:53,0
DA:54,0
DA:55,0
DA:56,0
DA:58,0
DA:59,0
DA:61,0
DA:64,0
DA:68,0
DA:69,0
DA:70,0
DA:73,0
DA:74,0
DA:76,0
DA:79,0
DA:80,0
DA:81,0
DA:82,0
DA:86,0
DA:87,0
DA:91,1
DA:95,1
DA:96,1
DA:99,0
DA:100,0
DA:101,0
DA:102,0
DA:103,0
DA:104,0
DA:105,0
DA:106,0
DA:107,0
DA:108,0
DA:109,0
DA:111,0
DA:114,0
DA:116,0
DA:117,0
DA:118,0
DA:121,0
DA:122,0
DA:123,0
DA:126,0
DA:127,0
DA:129,0
DA:132,0
DA:133,0
DA:134,0
DA:135,0
DA:139,0
DA:140,0
DA:143,0
DA:145,0
DA:146,0
DA:147,0
DA:148,0
DA:149,0
DA:150,0
DA:151,0
DA:156,0
DA:157,0
DA:158,0
DA:159,0
DA:163,0
DA:164,0
DA:167,0
DA:168,0
DA:170,0
DA:171,0
DA:172,0
DA:173,0
DA:175,0
DA:176,0
DA:177,0
DA:180,0
DA:181,0
DA:182,0
DA:186,0
DA:187,0
DA:189,0
DA:190,0
DA:191,0
DA:192,0
DA:193,0
DA:194,0
DA:195,0
DA:196,0
DA:197,0
DA:198,0
DA:204,0
DA:206,0
DA:209,0
DA:210,0
DA:211,0
DA:212,0
DA:213,0
DA:214,0
DA:215,0
DA:216,0
DA:217,0
DA:221,0
DA:222,0
DA:223,0
DA:224,0
DA:225,0
DA:226,0
DA:227,0
DA:228,0
DA:230,0
DA:231,0
DA:232,0
DA:235,0
DA:237,0
DA:241,0
DA:242,0
DA:243,0
DA:244,0
DA:248,0
DA:249,0
DA:251,0
DA:254,0
DA:257,0
DA:260,0
DA:261,0
DA:262,0
DA:263,0
DA:264,0
DA:265,0
DA:274,0
DA:275,0
DA:276,0
DA:279,0
DA:282,0
DA:283,0
DA:284,0
DA:286,0
DA:287,0
DA:292,0
DA:293,0
DA:294,0
LF:153
LH:9
end_of_record
SF:lib/src/services/error_interceptor.dart
DA:16,2
DA:17,4
DA:18,2
DA:20,2
DA:21,4
DA:22,6
DA:26,3
DA:27,6
DA:30,5
DA:33,2
DA:34,4
DA:35,10
DA:36,6
DA:37,2
DA:42,2
DA:43,4
DA:44,4
DA:45,2
DA:48,2
DA:49,2
DA:50,2
DA:51,2
DA:55,2
DA:57,2
DA:61,1
DA:62,1
DA:63,1
DA:64,1
DA:68,1
DA:70,1
DA:75,2
DA:76,6
DA:77,2
DA:80,2
DA:82,6
DA:83,2
DA:85,2
DA:91,2
LF:38
LH:38
end_of_record
SF:lib/src/overlay/annotation_painter.dart
DA:9,3
DA:33,3
DA:36,12
DA:37,6
DA:38,8
DA:40,9
DA:45,6
DA:46,2
DA:47,2
DA:48,6
DA:49,2
DA:53,9
DA:54,6
DA:58,3
DA:59,3
DA:62,9
DA:65,3
DA:67,3
DA:68,3
DA:69,3
DA:70,3
DA:74,6
DA:75,6
DA:79,2
DA:80,6
DA:81,2
DA:83,2
DA:84,2
DA:85,2
DA:86,2
DA:90,3
DA:91,9
DA:94,3
DA:96,3
DA:97,3
DA:98,3
DA:99,3
DA:103,3
DA:104,3
DA:112,3
DA:117,9
DA:120,9
DA:121,9
DA:124,3
DA:125,3
DA:127,3
DA:128,3
DA:131,9
DA:132,12
DA:135,3
DA:137,9
DA:138,3
DA:139,3
DA:140,3
DA:141,3
DA:142,3
LF:56
LH:56
end_of_record
SF:lib/src/services/annotation_service.dart
DA:11,4
DA:16,4
DA:23,4
DA:24,2
DA:25,2
DA:26,1
DA:27,2
DA:30,6
DA:31,3
DA:32,3
DA:33,6
DA:34,6
DA:35,6
DA:36,6
DA:38,3
DA:39,6
DA:77,6
DA:78,6
DA:79,9
DA:80,6
DA:81,6
DA:82,6
DA:83,6
DA:85,3
DA:86,3
DA:87,3
DA:88,3
DA:89,3
DA:90,3
DA:91,3
DA:92,3
DA:95,2
DA:96,2
DA:97,2
DA:98,2
DA:99,2
DA:100,2
DA:101,2
DA:102,2
DA:107,3
DA:108,3
DA:109,6
DA:110,6
DA:113,13
DA:114,8
DA:115,2
DA:116,2
DA:117,2
DA:122,3
DA:123,3
DA:124,3
DA:125,3
DA:130,3
DA:131,6
DA:132,3
DA:133,3
DA:138,3
DA:140,6
DA:141,6
DA:143,6
DA:144,3
DA:145,3
DA:146,1
DA:150,9
DA:151,12
DA:152,1
DA:156,3
DA:157,3
DA:158,3
DA:162,3
DA:163,9
DA:167,3
DA:168,9
DA:169,3
DA:170,3
DA:172,6
DA:173,3
DA:174,3
DA:178,2
DA:179,4
DA:180,2
DA:183,12
DA:184,0
DA:185,0
DA:186,0
DA:189,2
DA:191,3
DA:193,6
DA:194,8
DA:196,2
DA:197,2
DA:198,2
DA:199,2
DA:203,1
DA:204,1
DA:205,1
DA:209,2
DA:210,10
DA:211,4
DA:212,4
DA:213,2
DA:214,4
DA:215,2
DA:216,2
DA:217,2
DA:218,3
DA:221,2
DA:222,2
DA:228,2
DA:229,10
DA:230,4
DA:232,2
DA:233,2
DA:234,2
DA:235,1
DA:236,2
DA:237,1
DA:238,1
DA:239,2
DA:240,3
DA:244,10
DA:246,2
DA:247,2
DA:252,3
DA:253,6
DA:254,3
DA:255,3
DA:256,3
DA:257,3
DA:258,3
DA:259,3
DA:260,3
DA:264,3
DA:271,3
DA:272,9
DA:273,3
DA:276,6
DA:277,3
DA:278,3
DA:283,3
DA:284,15
DA:287,3
DA:288,3
DA:289,3
DA:290,3
DA:291,3
DA:292,3
DA:295,3
DA:296,6
DA:297,6
DA:298,6
LF:151
LH:148
end_of_record
SF:lib/src/overlay/drawing_painter.dart
DA:9,2
DA:34,2
DA:37,4
DA:38,6
DA:39,2
DA:40,6
DA:42,1
DA:47,6
DA:48,4
DA:52,3
DA:53,3
DA:54,1
DA:56,1
DA:61,6
DA:62,2
DA:63,2
DA:65,2
DA:66,2
DA:67,2
DA:69,2
DA:70,2
DA:72,2
DA:73,2
DA:74,2
DA:75,2
DA:80,6
DA:81,2
DA:83,2
DA:84,8
DA:85,8
DA:86,2
DA:87,2
DA:88,2
DA:89,2
DA:94,2
DA:96,4
DA:97,12
DA:98,6
DA:99,10
DA:101,2
DA:103,2
DA:104,2
DA:105,2
DA:106,2
DA:107,2
DA:108,2
DA:112,1
DA:113,1
DA:114,1
DA:115,1
DA:116,1
DA:117,1
DA:121,1
DA:124,5
DA:127,1
DA:128,3
DA:129,3
DA:130,2
DA:131,2
DA:133,1
DA:134,1
DA:135,2
DA:138,2
DA:142,1
DA:143,3
DA:145,1
DA:146,7
DA:147,4
DA:148,7
DA:150,1
DA:152,1
DA:153,2
DA:154,1
DA:155,3
DA:156,1
DA:157,1
DA:162,1
DA:163,1
DA:164,1
DA:165,1
DA:166,1
DA:167,1
DA:171,1
DA:174,5
DA:176,1
DA:177,3
DA:178,3
DA:179,2
DA:180,2
DA:182,1
DA:183,1
DA:184,1
DA:185,2
DA:186,1
DA:187,1
DA:191,2
DA:193,6
DA:194,3
DA:195,3
DA:196,3
DA:197,3
DA:198,3
DA:199,3
DA:200,3
LF:104
LH:104
end_of_record
SF:lib/src/services/drawing_service.dart
DA:12,3
DA:27,1
DA:28,1
DA:29,1
DA:30,5
DA:31,1
DA:32,1
DA:33,5
DA:38,1
DA:39,2
DA:40,3
DA:42,3
DA:44,2
DA:45,2
DA:46,3
DA:47,2
DA:48,3
DA:50,1
DA:56,1
DA:71,1
DA:72,1
DA:73,1
DA:74,2
DA:75,1
DA:76,1
DA:77,1
DA:98,4
DA:99,6
DA:100,6
DA:101,6
DA:102,2
DA:103,4
DA:104,4
DA:105,4
DA:107,10
DA:110,2
DA:111,4
DA:113,2
DA:114,2
DA:115,2
DA:116,2
DA:117,2
DA:118,2
DA:121,1
DA:122,2
DA:127,2
DA:128,4
DA:129,2
DA:132,2
DA:133,4
DA:134,2
DA:137,2
DA:138,6
DA:139,2
DA:140,1
DA:144,4
DA:145,6
DA:146,4
DA:147,4
DA:152,4
DA:153,2
DA:158,2
DA:159,2
DA:160,2
DA:163,1
DA:164,3
DA:165,1
DA:166,1
DA:169,3
DA:170,2
DA:171,1
DA:172,1
DA:176,1
DA:177,1
DA:180,1
DA:181,1
DA:182,1
DA:187,2
DA:191,5
DA:192,2
DA:193,3
DA:202,5
DA:203,4
DA:210,1
DA:219,2
DA:220,2
DA:221,2
DA:222,2
DA:226,3
DA:227,3
DA:228,1
DA:230,2
DA:231,1
DA:236,3
DA:237,2
DA:238,2
DA:239,1
DA:241,2
DA:242,1
DA:248,2
DA:252,2
DA:253,2
DA:254,4
DA:255,2
DA:257,2
DA:258,6
DA:259,1
DA:260,5
DA:261,1
DA:263,2
DA:264,6
DA:265,1
DA:266,5
DA:267,1
DA:273,2
DA:274,2
DA:275,2
DA:276,2
DA:277,2
DA:282,2
DA:283,4
DA:284,4
DA:285,4
DA:286,4
DA:287,2
DA:288,2
DA:294,1
DA:295,1
DA:297,1
DA:298,1
DA:301,2
DA:302,3
DA:303,1
DA:304,1
DA:305,3
DA:306,3
DA:308,4
DA:309,1
DA:310,3
DA:311,3
DA:314,1
DA:316,1
DA:317,2
DA:318,1
DA:319,2
DA:320,1
DA:321,1
DA:326,2
DA:327,1
DA:328,1
DA:329,1
DA:330,1
DA:331,1
DA:335,1
DA:338,5
DA:339,2
DA:342,1
DA:345,1
DA:346,3
DA:347,3
DA:349,1
DA:353,3
DA:355,1
DA:356,1
DA:366,2
DA:367,6
DA:369,6
DA:370,2
DA:372,4
DA:373,4
DA:374,8
DA:375,2
DA:376,4
DA:377,4
DA:378,10
DA:379,10
DA:381,4
DA:382,10
DA:383,10
DA:386,4
LF:180
LH:180
end_of_record
SF:lib/src/overlay/flan_overlay_widget.dart
DA:16,0
DA:18,2
DA:19,4
DA:22,2
DA:23,2
DA:24,2
DA:25,0
DA:28,2
DA:34,2
DA:35,2
DA:36,2
DA:37,2
DA:38,2
DA:39,2
DA:40,8
DA:43,4
DA:44,2
DA:45,2
DA:46,2
DA:47,2
DA:48,2
DA:52,2
DA:53,6
DA:56,2
DA:57,0
DA:58,0
DA:59,0
DA:60,0
DA:61,0
DA:65,4
DA:66,2
DA:67,8
DA:68,2
DA:70,2
DA:74,4
DA:75,8
DA:77,4
DA:78,0
DA:80,6
DA:81,10
DA:83,6
DA:84,0
DA:87,6
DA:88,6
DA:89,2
DA:90,10
DA:91,10
DA:92,2
DA:93,2
DA:97,2
DA:104,8
DA:107,2
DA:108,2
DA:117,2
DA:118,2
DA:119,2
DA:121,2
DA:122,4
DA:123,4
DA:125,6
DA:126,6
DA:128,2
DA:129,2
DA:130,8
DA:131,8
DA:132,8
DA:133,8
DA:135,8
DA:139,2
DA:140,4
DA:141,4
DA:142,4
DA:143,4
DA:145,2
DA:147,2
DA:151,2
DA:152,2
DA:153,4
DA:154,2
DA:157,2
DA:160,2
DA:161,2
DA:165,2
DA:166,2
DA:167,2
DA:169,2
DA:173,6
DA:177,2
DA:178,2
DA:179,2
DA:183,2
DA:184,2
DA:185,8
DA:189,0
DA:190,0
DA:191,0
DA:192,0
DA:193,0
DA:200,2
DA:206,2
DA:207,2
DA:211,4
DA:216,2
DA:217,8
DA:221,4
DA:222,2
DA:228,2
DA:229,2
DA:239,2
DA:256,2
DA:257,2
DA:289,2
DA:291,2
DA:292,8
DA:293,8
DA:294,8
DA:295,8
DA:296,6
DA:297,2
DA:300,2
DA:302,6
DA:303,8
DA:304,8
DA:305,8
DA:306,8
DA:307,2
DA:310,1
DA:312,1
DA:314,1
DA:315,3
DA:319,1
DA:320,5
DA:321,1
DA:323,3
DA:326,2
DA:327,2
DA:328,6
DA:331,6
DA:332,2
DA:333,4
DA:334,2
DA:335,2
DA:337,6
DA:340,2
DA:341,2
DA:342,2
DA:344,3
DA:346,2
DA:351,6
DA:352,2
DA:353,4
DA:354,2
DA:356,2
DA:357,2
DA:358,2
DA:359,2
DA:360,8
DA:363,4
DA:364,4
DA:365,6
DA:366,2
DA:367,2
DA:371,4
DA:375,2
DA:379,2
DA:384,2
DA:386,8
DA:392,2
DA:396,8
DA:401,6
DA:402,4
DA:403,4
DA:404,4
DA:405,4
DA:406,2
DA:412,2
DA:413,2
DA:414,2
DA:420,2
DA:425,2
DA:430,2
DA:431,2
DA:432,4
DA:440,4
DA:441,8
DA:443,2
DA:452,2
DA:453,2
DA:458,6
DA:459,4
DA:460,2
DA:461,2
DA:462,2
DA:463,2
DA:464,6
DA:465,2
DA:466,8
DA:467,2
DA:471,6
DA:472,2
DA:473,10
DA:474,1
DA:476,2
DA:477,4
DA:478,4
DA:479,4
DA:480,4
DA:481,2
DA:484,2
DA:485,2
DA:486,6
DA:487,8
DA:488,0
DA:489,0
DA:493,4
DA:496,2
DA:497,3
DA:498,1
DA:502,2
DA:503,1
DA:504,3
DA:505,1
DA:506,2
DA:507,1
DA:518,1
DA:519,1
DA:522,2
DA:523,2
DA:524,1
DA:525,1
DA:526,4
DA:527,1
DA:528,1
DA:531,1
DA:536,2
DA:537,2
DA:538,1
DA:539,1
DA:540,4
DA:541,1
DA:542,3
DA:543,3
DA:545,3
DA:546,3
DA:548,3
DA:552,1
DA:557,2
DA:558,1
DA:559,3
DA:562,1
DA:563,3
DA:564,3
DA:567,3
DA:568,3
DA:571,3
DA:572,3
DA:579,2
DA:580,2
DA:584,2
DA:585,3
DA:586,3
DA:588,3
DA:589,3
DA:591,3
DA:596,2
DA:597,1
DA:604,1
DA:606,3
DA:607,3
DA:609,3
DA:610,3
DA:612,2
DA:613,1
DA:614,1
DA:618,1
DA:619,2
DA:621,0
DA:624,2
DA:625,3
DA:629,0
DA:632,3
DA:634,1
DA:636,0
DA:638,4
DA:640,1
DA:647,1
DA:648,1
DA:649,1
DA:651,3
DA:652,1
DA:655,1
DA:656,1
DA:659,3
DA:661,0
DA:662,0
DA:663,0
DA:664,0
DA:666,0
DA:667,0
DA:672,3
DA:673,1
DA:675,2
DA:676,1
DA:677,4
DA:678,4
DA:679,3
DA:680,1
DA:681,1
DA:685,2
DA:689,1
DA:690,3
DA:691,2
DA:692,1
DA:693,1
DA:694,2
DA:695,1
DA:696,2
DA:697,2
DA:698,2
DA:699,2
DA:702,2
DA:703,1
DA:704,1
DA:706,1
DA:707,0
DA:708,0
DA:711,1
DA:712,0
DA:715,2
DA:719,1
DA:720,1
DA:726,1
DA:733,1
DA:734,1
DA:735,2
DA:745,1
DA:746,4
DA:748,4
DA:750,1
DA:753,1
DA:756,1
DA:757,4
DA:760,2
DA:761,1
DA:763,1
DA:764,1
DA:765,2
DA:768,4
DA:771,0
DA:772,0
DA:773,0
DA:774,0
DA:775,0
DA:776,0
DA:779,0
DA:781,0
DA:786,0
DA:787,0
DA:788,0
DA:789,0
DA:791,0
DA:792,0
DA:793,0
DA:794,0
DA:795,0
DA:796,0
DA:797,0
DA:799,0
DA:800,0
DA:806,0
DA:810,0
DA:813,0
DA:814,0
DA:815,0
DA:816,0
DA:817,0
DA:818,0
DA:819,0
DA:820,0
DA:821,0
DA:822,0
DA:826,0
DA:827,0
DA:831,0
DA:832,0
DA:835,0
DA:836,0
DA:837,0
DA:839,0
DA:841,0
DA:845,1
DA:848,2
DA:850,1
DA:851,1
DA:852,3
DA:853,1
DA:854,4
DA:855,1
DA:858,3
DA:859,1
DA:861,2
DA:862,2
DA:863,4
DA:864,1
DA:865,2
DA:866,1
DA:871,1
DA:872,1
DA:873,1
DA:874,1
DA:875,3
DA:876,1
DA:877,4
DA:878,1
DA:879,1
DA:880,3
DA:881,1
DA:882,1
DA:883,2
DA:884,1
DA:885,1
DA:889,1
DA:894,1
DA:895,1
DA:896,1
DA:897,1
DA:898,1
DA:899,1
DA:901,1
DA:910,0
DA:911,0
DA:914,0
DA:916,0
DA:919,1
DA:920,1
DA:921,0
DA:924,1
DA:925,0
DA:926,0
DA:927,0
DA:931,1
DA:932,0
DA:933,0
DA:936,0
DA:938,0
DA:946,0
DA:949,0
DA:954,0
DA:955,0
DA:956,0
DA:959,0
DA:960,0
DA:961,0
DA:962,0
DA:963,0
DA:964,0
DA:972,1
DA:973,3
DA:974,1
DA:981,1
DA:987,3
DA:988,4
DA:989,2
DA:991,1
DA:992,2
DA:993,2
DA:994,1
DA:997,1
DA:998,2
DA:999,2
DA:1000,1
DA:1005,0
DA:1007,0
DA:1011,1
DA:1015,0
DA:1016,0
DA:1017,0
DA:1018,0
DA:1019,0
DA:1023,0
DA:1025,0
DA:1026,0
DA:1027,0
DA:1028,0
DA:1029,0
DA:1031,0
DA:1035,2
DA:1037,6
DA:1038,2
DA:1040,2
DA:1041,4
DA:1042,4
DA:1044,2
DA:1046,2
DA:1047,2
DA:1049,4
DA:1051,6
DA:1052,8
DA:1053,2
DA:1054,2
DA:1055,2
DA:1056,2
DA:1057,6
DA:1069,6
DA:1070,1
DA:1071,2
DA:1072,2
DA:1073,2
DA:1076,6
DA:1077,2
DA:1078,4
DA:1079,4
DA:1080,1
DA:1081,1
DA:1084,6
DA:1085,2
DA:1089,2
DA:1090,2
DA:1092,2
DA:1093,2
DA:1095,2
DA:1096,2
DA:1118,8
DA:1119,1
DA:1121,1
DA:1122,1
DA:1124,1
DA:1125,2
DA:1126,2
DA:1127,1
DA:1128,1
DA:1132,1
DA:1133,4
DA:1138,6
DA:1139,1
DA:1140,1
DA:1141,1
DA:1142,1
DA:1143,3
DA:1144,1
DA:1145,3
DA:1146,4
DA:1147,3
DA:1150,1
DA:1151,1
DA:1152,4
DA:1153,3
DA:1156,1
DA:1157,3
DA:1158,3
DA:1163,2
DA:1164,1
DA:1165,1
DA:1166,4
DA:1167,1
DA:1168,2
DA:1170,2
DA:1173,2
DA:1175,1
DA:1176,2
DA:1177,1
DA:1178,1
DA:1179,1
DA:1180,1
DA:1183,1
DA:1185,3
DA:1186,3
DA:1187,3
DA:1189,3
DA:1193,1
DA:1194,1
DA:1195,3
DA:1198,2
DA:1201,6
DA:1205,4
DA:1206,1
DA:1207,1
DA:1209,1
DA:1210,1
DA:1211,1
DA:1212,1
DA:1213,1
DA:1214,1
DA:1215,1
DA:1216,0
DA:1219,3
DA:1220,1
DA:1221,3
DA:1230,2
DA:1231,2
DA:1232,2
DA:1233,0
DA:1237,2
DA:1243,2
DA:1248,2
DA:1252,2
DA:1254,4
DA:1255,6
DA:1256,2
DA:1257,2
DA:1258,6
DA:1265,2
DA:1266,2
DA:1267,2
DA:1269,1
DA:1270,0
DA:1271,0
DA:1274,1
DA:1277,2
DA:1280,2
DA:1281,2
DA:1282,4
DA:1283,2
DA:1284,4
DA:1285,0
DA:1286,0
DA:1292,2
DA:1296,2
DA:1298,2
DA:1299,2
DA:1300,0
DA:1301,0
DA:1303,0
DA:1305,0
DA:1306,0
DA:1307,0
DA:1311,4
DA:1312,2
DA:1313,6
DA:1314,4
DA:1315,4
DA:1319,2
DA:1320,0
DA:1321,0
DA:1324,2
DA:1325,2
DA:1328,2
DA:1329,4
DA:1330,4
DA:1331,4
DA:1333,4
DA:1334,8
DA:1335,8
DA:1339,2
DA:1340,2
DA:1341,4
DA:1342,4
DA:1344,4
DA:1346,2
DA:1347,0
DA:1348,0
DA:1350,2
DA:1351,0
DA:1352,0
DA:1356,2
DA:1364,1
DA:1374,1
DA:1375,1
DA:1383,1
DA:1385,1
DA:1386,4
DA:1389,1
DA:1391,4
DA:1392,2
DA:1393,2
DA:1394,2
DA:1395,1
DA:1398,1
DA:1399,3
DA:1402,0
DA:1403,0
DA:1406,0
DA:1407,0
DA:1409,0
DA:1410,0
DA:1411,0
DA:1412,0
DA:1414,0
DA:1415,0
DA:1417,0
DA:1418,0
DA:1419,0
DA:1423,0
DA:1424,0
DA:1425,0
DA:1427,0
DA:1433,0
DA:1435,0
DA:1439,0
DA:1440,0
DA:1443,1
DA:1445,1
DA:1446,1
DA:1447,1
DA:1449,1
DA:1450,1
DA:1451,1
DA:1452,3
DA:1453,1
DA:1454,1
DA:1456,1
DA:1458,3
DA:1459,0
DA:1462,4
DA:1463,3
DA:1465,3
DA:1466,2
DA:1467,3
DA:1468,2
DA:1477,6
DA:1478,1
DA:1479,1
DA:1480,2
DA:1481,1
DA:1482,4
DA:1492,1
DA:1495,2
DA:1498,2
DA:1499,3
DA:1500,3
DA:1503,3
DA:1506,1
DA:1507,3
DA:1508,0
DA:1510,1
DA:1512,1
DA:1517,1
DA:1518,1
DA:1520,1
DA:1528,1
DA:1533,1
DA:1535,1
DA:1536,1
DA:1537,1
DA:1544,1
DA:1551,1
DA:1552,2
DA:1553,2
DA:1554,3
DA:1555,2
DA:1556,3
DA:1557,2
DA:1558,3
DA:1559,0
DA:1561,3
DA:1570,2
DA:1581,2
DA:1582,2
DA:1589,2
DA:1591,2
DA:1592,8
DA:1593,8
DA:1596,2
DA:1598,8
DA:1599,8
DA:1600,4
DA:1601,4
DA:1602,2
DA:1605,2
DA:1606,2
DA:1607,4
DA:1611,2
DA:1613,2
DA:1614,2
DA:1615,2
DA:1618,2
DA:1619,2
DA:1621,1
DA:1624,4
DA:1625,4
DA:1627,0
DA:1628,0
DA:1633,4
DA:1635,3
DA:1637,1
DA:1638,5
DA:1639,7
DA:1640,3
DA:1642,3
DA:1644,3
DA:1645,2
DA:1650,1
DA:1651,4
DA:1653,1
DA:1654,3
DA:1655,4
DA:1656,2
DA:1657,3
DA:1658,2
DA:1662,2
DA:1663,2
DA:1664,6
DA:1665,6
DA:1666,6
DA:1667,6
DA:1668,6
DA:1669,6
DA:1676,8
DA:1677,6
DA:1678,2
DA:1679,2
DA:1680,4
DA:1681,2
DA:1682,6
DA:1688,8
DA:1689,3
DA:1690,4
DA:1691,8
DA:1692,1
DA:1693,1
DA:1694,2
DA:1696,7
DA:1697,1
DA:1698,1
DA:1700,1
DA:1709,1
DA:1710,3
DA:1711,4
DA:1712,3
DA:1716,1
DA:1717,3
DA:1718,4
DA:1719,3
DA:1723,2
DA:1727,4
DA:1730,4
DA:1731,6
DA:1732,0
DA:1734,6
DA:1737,2
DA:1738,6
DA:1739,0
DA:1741,2
DA:1743,2
DA:1744,2
DA:1745,2
DA:1749,2
DA:1751,2
DA:1753,2
DA:1762,2
DA:1764,2
DA:1765,2
DA:1766,2
DA:1774,2
DA:1775,2
DA:1776,0
DA:1777,0
DA:1780,2
DA:1789,1
DA:1792,2
DA:1794,2
DA:1795,3
DA:1796,0
DA:1798,3
DA:1800,1
DA:1801,3
DA:1802,0
DA:1804,1
DA:1806,1
DA:1807,1
DA:1808,1
DA:1812,1
DA:1814,1
DA:1816,1
DA:1817,1
DA:1829,1
DA:1831,1
DA:1832,1
DA:1833,1
DA:1834,1
DA:1835,1
DA:1836,1
DA:1844,1
DA:1845,1
DA:1846,0
DA:1847,0
DA:1850,1
DA:1854,1
DA:1856,1
DA:1857,3
DA:1858,2
DA:1881,1
DA:1893,1
DA:1894,1
DA:1909,1
DA:1911,1
DA:1912,4
DA:1913,3
DA:1914,3
DA:1915,2
DA:1919,1
DA:1921,1
DA:1923,3
DA:1924,0
DA:1925,0
DA:1930,1
DA:1932,4
DA:1933,3
DA:1934,2
DA:1935,2
DA:1936,2
DA:1937,2
DA:1938,2
DA:1939,1
DA:1942,1
DA:1943,3
DA:1946,1
DA:1947,3
DA:1950,1
DA:1951,2
DA:1953,2
DA:1954,0
DA:1955,0
DA:1957,2
DA:1962,2
DA:1963,2
DA:1964,2
DA:1965,3
DA:1968,1
DA:1970,2
DA:1974,3
DA:1975,2
DA:1977,1
DA:1978,1
DA:1979,1
DA:1981,1
DA:1982,1
DA:1985,1
DA:1986,1
DA:1987,3
DA:1988,3
DA:1991,1
DA:1993,1
DA:1994,1
DA:1998,1
DA:1999,1
DA:2000,2
DA:2002,1
DA:2006,1
DA:2008,1
DA:2010,1
DA:2011,3
DA:2012,1
DA:2013,1
DA:2014,2
DA:2015,2
DA:2016,1
DA:2017,2
DA:2018,2
DA:2020,1
DA:2021,1
DA:2022,3
DA:2023,3
DA:2024,1
DA:2025,3
DA:2030,1
DA:2032,1
DA:2034,1
DA:2035,3
DA:2036,1
DA:2038,1
DA:2039,1
DA:2040,3
DA:2041,3
DA:2042,1
DA:2043,3
DA:2048,1
DA:2050,1
DA:2052,1
DA:2053,2
DA:2054,1
DA:2056,1
DA:2057,3
DA:2058,1
DA:2059,2
DA:2062,1
DA:2063,1
DA:2064,2
DA:2065,2
DA:2066,2
DA:2068,1
DA:2070,2
DA:2071,2
DA:2072,2
DA:2081,1
DA:2082,1
DA:2083,1
DA:2084,1
DA:2085,1
DA:2086,1
DA:2087,0
DA:2088,1
DA:2090,1
DA:2091,1
DA:2093,1
DA:2101,1
DA:2107,2
DA:2114,2
DA:2115,3
DA:2123,1
DA:2127,1
DA:2128,1
DA:2129,1
DA:2132,1
DA:2133,1
DA:2135,1
DA:2136,1
DA:2148,1
DA:2150,1
DA:2151,1
DA:2152,1
DA:2159,0
DA:2160,0
DA:2162,0
DA:2163,0
DA:2172,1
DA:2173,1
DA:2174,4
DA:2175,1
DA:2178,1
DA:2180,2
DA:2181,1
DA:2182,1
DA:2183,3
DA:2184,3
DA:2186,2
DA:2187,5
DA:2189,2
DA:2191,5
DA:2193,2
DA:2198,4
DA:2199,1
DA:2206,1
DA:2207,3
DA:2208,1
DA:2211,1
DA:2212,1
DA:2240,1
DA:2241,1
DA:2243,1
DA:2258,1
DA:2259,1
DA:2262,1
DA:2263,1
DA:2264,1
DA:2266,1
DA:2267,1
DA:2279,1
DA:2280,3
DA:2288,1
DA:2290,1
DA:2291,1
DA:2293,1
DA:2294,1
DA:2295,1
DA:2307,1
DA:2308,1
DA:2309,1
DA:2316,2
DA:2317,1
DA:2319,1
DA:2320,1
DA:2321,1
DA:2322,1
DA:2324,1
DA:2325,1
DA:2331,1
DA:2333,1
DA:2334,4
DA:2336,1
DA:2338,1
DA:2341,1
DA:2354,1
DA:2355,4
DA:2368,1
DA:2376,1
DA:2378,1
DA:2387,1
DA:2388,1
DA:2389,1
DA:2390,1
DA:2391,1
DA:2392,1
DA:2393,2
DA:2397,1
DA:2398,1
DA:2399,1
DA:2400,1
DA:2401,1
DA:2403,1
DA:2404,1
DA:2405,1
DA:2410,1
DA:2411,1
DA:2412,1
DA:2413,1
DA:2414,1
DA:2416,1
DA:2417,1
DA:2418,1
DA:2426,1
DA:2427,2
DA:2431,1
DA:2433,1
DA:2434,1
DA:2435,1
DA:2438,1
DA:2441,1
DA:2442,2
DA:2443,1
DA:2447,2
DA:2451,1
DA:2454,1
DA:2457,1
DA:2458,2
DA:2459,1
DA:2466,1
DA:2469,1
DA:2472,1
DA:2473,2
DA:2474,1
DA:2481,1
DA:2484,1
DA:2487,1
DA:2488,2
DA:2489,1
DA:2496,5
DA:2497,1
DA:2503,1
DA:2504,2
DA:2505,2
DA:2506,2
DA:2516,2
DA:2524,2
DA:2526,8
DA:2527,2
DA:2529,2
DA:2530,2
DA:2533,2
DA:2535,2
DA:2536,2
DA:2537,2
DA:2563,2
DA:2566,2
DA:2569,2
DA:2571,2
DA:2572,2
DA:2574,2
DA:2592,1
DA:2616,1
DA:2618,1
DA:2621,1
DA:2623,1
DA:2624,1
DA:2633,1
DA:2635,1
DA:2636,1
DA:2638,1
DA:2639,1
DA:2640,1
DA:2641,1
DA:2642,3
DA:2651,1
DA:2652,2
DA:2653,1
DA:2655,1
DA:2656,1
DA:2659,1
DA:2660,1
DA:2661,1
DA:2687,3
DA:2688,1
DA:2689,0
DA:2691,0
DA:2692,0
DA:2695,0
DA:2696,0
DA:2697,0
DA:2723,1
DA:2725,1
DA:2735,1
DA:2736,1
DA:2738,1
DA:2739,1
DA:2742,1
DA:2743,1
DA:2744,1
DA:2762,1
DA:2763,1
DA:2766,1
DA:2767,2
DA:2768,1
DA:2769,1
DA:2770,1
DA:2771,1
DA:2773,1
DA:2774,1
DA:2776,1
DA:2778,1
DA:2780,1
DA:2781,1
DA:2783,1
DA:2784,1
DA:2785,1
DA:2788,1
DA:2789,1
DA:2801,1
DA:2803,1
DA:2805,3
DA:2821,1
DA:2823,1
DA:2824,1
DA:2832,1
DA:2834,1
DA:2843,2
DA:2845,1
DA:2848,2
DA:2850,2
DA:2852,2
DA:2853,1
DA:2858,1
DA:2860,1
DA:2861,1
DA:2866,1
DA:2868,1
DA:2869,1
DA:2873,1
DA:2885,1
DA:2887,1
DA:2888,1
DA:2889,2
DA:2902,1
DA:2904,1
DA:2905,1
DA:2906,2
DA:2917,1
DA:2924,1
DA:2926,2
DA:2934,1
DA:2935,1
DA:2936,2
DA:2937,1
DA:2939,1
DA:2941,1
DA:2946,1
DA:2947,1
DA:2948,1
DA:2950,1
DA:2951,1
DA:2952,1
DA:2956,1
DA:2957,1
DA:2958,1
DA:2964,1
DA:2967,1
DA:2968,1
DA:2969,1
DA:2970,1
DA:2972,1
DA:2973,2
DA:2974,1
DA:2975,1
DA:2976,0
DA:2977,0
DA:2983,1
DA:2984,1
DA:2985,1
DA:2986,0
DA:2990,1
DA:2991,1
DA:2994,1
DA:2998,1
DA:2999,3
DA:3000,3
DA:3001,3
DA:3002,3
DA:3003,3
DA:3004,3
DA:3005,1
DA:3010,1
DA:3014,1
DA:3016,1
DA:3019,1
DA:3020,1
DA:3021,1
DA:3024,1
DA:3025,1
DA:3037,2
DA:3041,1
DA:3047,6
DA:3048,2
DA:3049,2
DA:3051,5
DA:3060,1
DA:3076,1
DA:3078,1
DA:3079,1
DA:3080,1
DA:3081,1
DA:3082,1
DA:3083,2
DA:3085,1
DA:3086,1
DA:3087,3
DA:3090,1
DA:3093,1
DA:3094,1
DA:3096,3
DA:3106,1
DA:3111,1
DA:3113,1
DA:3115,1
DA:3116,1
DA:3117,5
DA:3118,2
DA:3119,2
DA:3121,1
DA:3122,1
DA:3123,1
DA:3124,1
DA:3143,1
DA:3147,1
DA:3149,1
DA:3152,1
DA:3154,1
DA:3155,1
DA:3165,1
DA:3166,1
DA:3182,1
DA:3186,1
DA:3188,1
DA:3191,1
DA:3193,1
DA:3194,1
DA:3204,2
DA:3212,1
DA:3216,1
DA:3217,1
DA:3223,1
DA:3225,1
DA:3227,2
DA:3228,0
DA:3232,1
DA:3234,2
DA:3236,2
DA:3238,1
DA:3241,1
DA:3242,1
DA:3243,2
DA:3245,0
DA:3246,1
DA:3248,1
DA:3249,1
DA:3252,1
DA:3258,1
DA:3260,1
DA:3264,1
DA:3275,1
DA:3276,0
DA:3278,0
DA:3280,0
DA:3281,0
DA:3282,0
DA:3303,1
DA:3307,1
DA:3309,4
DA:3310,1
DA:3313,1
DA:3315,1
DA:3316,1
DA:3328,1
DA:3329,1
DA:3347,1
DA:3359,1
DA:3363,4
DA:3365,1
DA:3367,1
DA:3370,1
DA:3372,1
DA:3373,1
DA:3385,1
DA:3387,1
DA:3389,1
DA:3396,1
DA:3397,1
DA:3404,1
DA:3405,6
DA:3414,3
DA:3415,1
DA:3417,1
DA:3423,1
DA:3424,1
DA:3426,1
DA:3428,1
DA:3429,1
DA:3430,1
DA:3432,4
DA:3433,3
DA:3447,1
DA:3457,1
DA:3459,4
DA:3460,3
DA:3461,3
DA:3463,1
DA:3465,1
DA:3466,1
DA:3468,1
DA:3470,1
DA:3472,1
DA:3474,1
DA:3475,1
DA:3487,1
DA:3489,1
DA:3490,1
DA:3492,1
DA:3495,1
DA:3497,1
DA:3510,1
DA:3518,1
DA:3520,1
DA:3521,1
DA:3522,1
DA:3524,1
DA:3526,1
DA:3528,1
DA:3529,1
LF:1426
LH:1242
end_of_record
SF:lib/src/services/inspector_service.dart
DA:8,3
DA:21,3
DA:39,6
DA:40,6
DA:41,6
DA:42,5
DA:43,5
DA:44,5
DA:45,6
DA:46,6
DA:47,6
DA:48,6
DA:49,6
DA:51,8
DA:78,6
DA:79,4
DA:80,4
DA:81,2
DA:82,6
DA:83,8
DA:84,6
DA:86,4
DA:88,2
DA:89,2
DA:90,2
DA:91,4
DA:92,4
DA:93,2
DA:94,2
DA:97,2
DA:98,2
DA:99,2
DA:100,4
DA:101,4
DA:102,2
DA:103,2
DA:109,2
DA:110,4
DA:111,4
DA:112,6
DA:113,2
DA:117,2
DA:118,4
DA:119,6
DA:120,1
DA:124,2
DA:125,4
DA:126,1
DA:127,6
DA:128,2
DA:129,1
DA:135,2
DA:136,2
DA:137,1
DA:138,1
DA:139,1
DA:142,2
DA:144,4
DA:145,2
DA:146,2
DA:147,2
DA:152,1
DA:153,1
DA:154,2
DA:155,4
DA:156,2
DA:157,4
DA:159,1
DA:161,1
DA:162,1
DA:170,3
DA:175,6
DA:176,6
DA:179,3
DA:180,3
DA:182,3
DA:183,3
DA:184,9
DA:185,3
DA:186,6
DA:191,0
DA:193,6
DA:206,2
DA:207,2
DA:208,2
DA:209,0
DA:211,2
DA:212,2
DA:217,2
DA:218,2
DA:220,2
DA:221,2
DA:222,2
DA:224,2
DA:225,4
DA:226,2
DA:227,6
DA:228,2
DA:229,2
DA:230,4
DA:241,2
DA:244,2
DA:247,4
DA:248,2
DA:249,2
DA:250,2
DA:251,2
DA:253,10
DA:254,10
DA:255,2
DA:265,3
DA:266,3
DA:267,3
DA:271,3
DA:276,3
DA:277,3
DA:279,3
DA:280,3
DA:281,3
DA:283,3
DA:284,6
DA:285,3
DA:286,9
DA:287,3
DA:288,3
DA:289,3
DA:290,9
DA:291,9
DA:294,3
DA:306,3
DA:309,3
DA:313,3
DA:314,3
DA:315,3
DA:317,6
DA:318,3
DA:319,3
DA:321,6
DA:322,3
DA:323,3
DA:324,6
DA:325,3
DA:333,2
DA:337,4
DA:338,2
DA:339,2
DA:344,3
DA:345,3
DA:346,3
DA:350,3
DA:354,3
DA:355,3
DA:357,3
DA:358,3
DA:359,3
DA:360,3
DA:361,6
DA:362,3
DA:363,3
DA:364,2
DA:368,3
DA:370,6
DA:373,3
DA:374,3
DA:378,6
DA:379,9
DA:380,3
DA:391,3
DA:392,3
DA:393,12
DA:395,6
DA:396,9
DA:397,3
DA:398,3
DA:403,6
DA:409,3
DA:411,3
DA:412,3
DA:413,3
DA:417,3
DA:418,3
DA:419,0
DA:420,0
DA:421,0
DA:423,0
DA:432,3
DA:433,3
DA:434,0
DA:437,0
DA:442,3
DA:443,3
DA:444,1
DA:446,3
DA:447,2
DA:449,3
DA:450,0
DA:455,2
DA:456,2
DA:458,2
DA:459,2
DA:460,4
DA:461,4
DA:462,4
DA:463,4
DA:464,4
LF:205
LH:196
end_of_record
SF:lib/src/services/screenshot_service.dart
DA:10,2
DA:20,2
DA:22,4
DA:23,2
DA:26,4
DA:27,2
DA:30,2
DA:34,2
DA:38,2
DA:41,2
DA:42,2
DA:47,3
DA:49,6
DA:53,12
DA:57,3
DA:58,9
DA:59,9
DA:62,9
DA:63,9
DA:64,6
DA:67,9
DA:76,2
DA:81,2
DA:82,0
DA:86,0
DA:88,0
DA:92,2
DA:94,0
DA:101,2
DA:102,2
DA:103,0
DA:108,2
DA:115,2
DA:118,2
DA:122,4
DA:123,4
DA:125,4
DA:126,0
DA:127,0
DA:132,2
DA:134,2
DA:136,2
DA:137,6
DA:138,2
DA:142,2
DA:148,2
DA:153,4
DA:154,4
DA:156,2
DA:158,2
DA:160,0
DA:166,0
DA:167,0
DA:171,2
DA:172,2
DA:174,2
DA:176,2
DA:180,2
DA:181,2
DA:182,2
DA:183,4
DA:184,2
DA:187,4
DA:188,4
DA:190,2
DA:193,2
DA:194,2
DA:197,2
DA:199,2
DA:200,2
DA:201,4
DA:202,4
DA:204,2
DA:208,3
DA:209,12
LF:75
LH:65
end_of_record
SF:lib/src/services/user_message_service.dart
DA:35,3
DA:38,9
DA:43,6
DA:46,3
DA:50,3
DA:51,6
DA:55,6
DA:57,2
DA:58,4
DA:59,2
DA:64,5
DA:65,1
DA:66,1
DA:68,1
DA:69,1
DA:70,1
DA:75,4
DA:76,2
DA:77,2
DA:82,2
DA:87,4
DA:88,2
DA:91,2
DA:92,2
DA:93,2
DA:98,4
DA:101,4
DA:104,2
DA:105,2
DA:106,2
DA:107,2
DA:111,2
DA:112,2
DA:113,2
DA:114,2
DA:115,2
DA:121,3
DA:122,6
DA:126,3
DA:127,6
DA:131,3
DA:132,3
DA:133,6
DA:134,9
DA:135,9
DA:136,3
DA:137,3
DA:141,6
DA:142,6
DA:146,6
DA:147,3
DA:151,3
DA:152,3
DA:153,7
DA:154,6
DA:155,6
DA:156,6
DA:157,6
DA:158,3
DA:163,3
DA:164,3
DA:165,3
DA:166,12
DA:172,2
DA:173,2
DA:174,10
DA:175,4
DA:176,4
DA:177,4
DA:178,2
DA:184,3
DA:186,3
DA:187,15
DA:188,6
DA:190,6
DA:191,3
DA:193,3
DA:194,3
DA:196,6
DA:197,6
DA:198,3
DA:203,2
DA:204,2
DA:205,4
DA:206,4
DA:207,4
DA:208,2
DA:211,3
DA:213,3
DA:214,3
DA:215,3
DA:216,3
DA:217,3
DA:219,3
DA:220,6
DA:221,1
DA:226,1
DA:229,2
DA:230,1
DA:231,2
DA:233,1
DA:234,0
DA:235,0
DA:238,1
DA:239,1
DA:240,1
DA:242,2
DA:243,3
DA:244,1
DA:245,2
DA:251,3
DA:252,1
DA:257,1
DA:258,1
DA:260,1
DA:261,2
DA:262,1
DA:263,1
DA:264,1
DA:265,1
DA:266,0
DA:268,0
DA:271,1
DA:280,3
DA:281,3
DA:282,2
DA:286,3
DA:289,3
DA:290,3
DA:291,9
DA:292,3
DA:293,3
DA:295,3
DA:296,3
DA:298,3
DA:300,3
DA:301,3
DA:305,3
DA:309,3
DA:311,4
DA:312,1
DA:313,2
DA:315,0
DA:316,0
DA:317,0
DA:322,3
DA:325,1
DA:326,1
DA:327,2
DA:331,1
DA:332,2
DA:333,1
DA:334,1
DA:336,0
DA:337,0
DA:338,0
DA:339,0
DA:342,1
DA:344,2
DA:345,1
LF:160
LH:149
end_of_record
SF:lib/src/binding/flan_binding.dart
DA:26,0
DA:30,0
DA:32,0
DA:36,0
DA:43,0
DA:47,0
DA:51,0
DA:57,0
DA:65,0
DA:66,0
DA:67,0
DA:68,0
DA:70,0
DA:71,0
DA:75,0
DA:93,0
DA:95,0
DA:99,0
DA:100,0
DA:101,0
DA:102,0
DA:103,0
DA:104,0
DA:106,0
DA:107,0
DA:108,0
DA:109,0
DA:110,0
DA:111,0
DA:112,0
DA:113,0
DA:116,0
DA:119,0
DA:121,0
DA:122,0
DA:123,0
DA:124,0
DA:125,0
DA:126,0
DA:127,0
DA:133,0
DA:135,0
DA:138,0
DA:140,0
DA:142,0
DA:143,0
DA:145,0
DA:147,0
DA:148,0
DA:155,0
DA:157,0
DA:159,0
DA:160,0
DA:162,0
DA:164,0
DA:167,0
DA:169,0
DA:170,0
DA:177,0
DA:179,0
DA:181,0
DA:182,0
DA:185,0
DA:191,0
DA:193,0
DA:196,0
DA:199,0
DA:201,0
DA:202,0
DA:209,0
DA:211,0
DA:213,0
DA:215,0
DA:217,0
DA:219,0
DA:222,0
DA:224,0
DA:225,0
DA:232,0
DA:234,0
DA:236,0
DA:238,0
DA:241,0
DA:244,0
DA:246,0
DA:247,0
DA:254,0
DA:256,0
DA:258,0
DA:260,0
DA:265,0
DA:267,0
DA:268,0
DA:276,0
DA:278,0
DA:281,0
DA:282,0
DA:284,0
DA:285,0
DA:290,0
DA:292,0
DA:293,0
DA:299,0
DA:301,0
DA:303,0
DA:304,0
DA:309,0
DA:311,0
DA:312,0
DA:318,0
DA:320,0
DA:322,0
DA:323,0
DA:325,0
DA:328,0
DA:330,0
DA:331,0
DA:337,0
DA:339,0
DA:341,0
DA:342,0
DA:343,0
DA:345,0
DA:346,0
DA:347,0
DA:350,0
DA:352,0
DA:353,0
DA:359,0
DA:361,0
DA:363,0
DA:364,0
DA:365,0
DA:370,0
DA:372,0
DA:375,0
DA:377,0
DA:378,0
DA:386,0
DA:388,0
DA:391,0
DA:392,0
DA:394,0
DA:395,0
DA:400,0
DA:402,0
DA:403,0
DA:409,0
DA:411,0
DA:413,0
DA:414,0
DA:419,0
DA:421,0
DA:422,0
DA:428,0
DA:430,0
DA:432,0
DA:433,0
DA:436,0
DA:439,0
DA:441,0
DA:442,0
DA:448,0
DA:450,0
DA:452,0
DA:453,0
DA:458,0
DA:460,0
DA:461,0
DA:467,0
DA:469,0
DA:471,0
DA:472,0
DA:474,0
DA:476,0
DA:479,0
DA:481,0
DA:484,0
DA:486,0
DA:487,0
DA:495,0
DA:497,0
DA:499,0
DA:500,0
DA:501,0
DA:502,0
DA:504,0
DA:505,0
DA:507,0
DA:508,0
DA:510,0
DA:511,0
DA:516,0
DA:518,0
DA:519,0
DA:525,0
DA:527,0
DA:529,0
DA:530,0
DA:531,0
DA:534,0
DA:537,0
DA:539,0
DA:540,0
DA:546,0
DA:548,0
DA:550,0
DA:551,0
DA:552,0
DA:554,0
DA:557,0
DA:559,0
DA:560,0
DA:566,0
DA:568,0
DA:571,0
DA:572,0
DA:573,0
DA:578,0
DA:580,0
DA:581,0
DA:587,0
DA:589,0
DA:592,0
DA:594,0
DA:595,0
DA:599,0
DA:605,0
DA:607,0
DA:608,0
DA:614,0
DA:616,0
DA:618,0
DA:619,0
DA:620,0
DA:621,0
DA:622,0
DA:623,0
DA:630,0
DA:632,0
DA:635,0
DA:637,0
DA:638,0
DA:645,0
DA:647,0
DA:648,0
DA:649,0
LF:247
LH:0
end_of_record
SF:lib/src/services/element_tree_finder.dart
DA:8,1
DA:22,1
DA:23,1
DA:24,2
DA:27,1
DA:33,1
DA:34,1
DA:35,1
DA:38,1
DA:41,3
DA:45,2
DA:46,1
DA:50,1
DA:52,1
DA:58,2
DA:59,1
DA:61,2
DA:62,2
DA:69,1
DA:73,1
DA:76,1
DA:77,1
DA:78,2
DA:79,4
DA:80,2
DA:82,2
DA:83,2
DA:88,3
DA:91,1
DA:95,1
DA:99,2
DA:101,1
DA:102,1
DA:103,2
DA:104,1
DA:105,1
DA:106,1
DA:107,1
DA:115,2
DA:120,1
DA:121,1
DA:122,1
DA:128,1
DA:129,1
DA:133,1
DA:134,1
DA:138,1
DA:139,4
DA:144,1
DA:146,6
DA:148,5
DA:150,4
DA:151,4
DA:152,3
DA:153,3
DA:165,1
DA:166,2
DA:170,1
DA:175,1
DA:176,2
DA:179,1
DA:180,2
DA:183,5
DA:187,2
DA:188,2
LF:65
LH:65
end_of_record
SF:lib/src/services/scroll_simulator.dart
DA:10,1
DA:27,1
DA:32,2
DA:37,1
DA:41,1
DA:42,1
DA:46,1
DA:47,1
DA:48,1
DA:49,1
DA:53,1
DA:57,1
DA:63,1
DA:65,2
DA:67,1
DA:71,0
DA:72,0
DA:73,0
DA:76,0
DA:77,0
DA:79,0
DA:80,0
DA:84,0
DA:91,1
DA:92,1
DA:93,1
DA:97,1
DA:102,1
DA:106,2
DA:109,2
DA:110,1
DA:113,1
DA:114,2
DA:117,2
DA:118,2
LF:35
LH:27
end_of_record
SF:lib/src/services/text_input_simulator.dart
DA:8,1
DA:13,1
DA:18,2
DA:21,3
DA:25,2
DA:32,1
DA:35,1
DA:36,1
DA:38,3
DA:41,2
DA:45,0
DA:46,0
LF:12
LH:10
end_of_record
SF:lib/src/utils/num_parser.dart
DA:1,1
DA:2,2
DA:3,1
DA:4,1
DA:7,2
LF:5
LH:5
end_of_record
